2024-01-22 18:31:24,242 - ERROR - name 'Button' is not defined
Traceback (most recent call last):
  File "D:\Python\optyka\main.py", line 38, in main
    game_instance.loop()
  File "D:\Python\optyka\classes\game.py", line 158, in loop
    self.events()
  File "D:\Python\optyka\classes\game.py", line 55, in events
    if Button.isDrawingModeOn:
NameError: name 'Button' is not defined
2024-01-22 18:32:12,704 - ERROR - name 'Button' is not defined
Traceback (most recent call last):
  File "D:\Python\optyka\main.py", line 38, in main
    game_instance.loop()
  File "D:\Python\optyka\classes\game.py", line 158, in loop
    self.events()
  File "D:\Python\optyka\classes\game.py", line 55, in events
    if Button.isDrawingModeOn:
NameError: name 'Button' is not defined
2024-01-22 18:33:03,238 - ERROR - type object 'Button' has no attribute 'isDrawingModeOn'
Traceback (most recent call last):
  File "D:\Python\optyka\main.py", line 38, in main
    game_instance.loop()
  File "D:\Python\optyka\classes\game.py", line 159, in loop
    self.events()
  File "D:\Python\optyka\classes\game.py", line 56, in events
    if button.Button.isDrawingModeOn:
AttributeError: type object 'Button' has no attribute 'isDrawingModeOn'
2024-01-22 18:33:43,150 - ERROR - Button.__init__() missing 1 required positional argument: 'isDrawingModeOn'
Traceback (most recent call last):
  File "D:\Python\optyka\main.py", line 36, in main
    GUI = gui.GUI(game_instance)
  File "D:\Python\optyka\gui\gui_main.py", line 29, in __init__
    self.buttons = [button.Button(self.game, x) for x in range(-2, 5)] #creates buttons
  File "D:\Python\optyka\gui\gui_main.py", line 29, in <listcomp>
    self.buttons = [button.Button(self.game, x) for x in range(-2, 5)] #creates buttons
TypeError: Button.__init__() missing 1 required positional argument: 'isDrawingModeOn'
2024-01-22 18:34:11,789 - ERROR - Button.__init__() missing 1 required positional argument: 'isDrawingModeOn'
Traceback (most recent call last):
  File "D:\Python\optyka\main.py", line 36, in main
    GUI = gui.GUI(game_instance)
  File "D:\Python\optyka\gui\gui_main.py", line 29, in __init__
    self.buttons = [button.Button(self.game, x) for x in range(-2, 5)] #creates buttons
  File "D:\Python\optyka\gui\gui_main.py", line 29, in <listcomp>
    self.buttons = [button.Button(self.game, x) for x in range(-2, 5)] #creates buttons
TypeError: Button.__init__() missing 1 required positional argument: 'isDrawingModeOn'
2024-01-22 18:34:38,601 - ERROR - Button.__init__() missing 1 required positional argument: 'isDrawingModeOn'
Traceback (most recent call last):
  File "D:\Python\optyka\main.py", line 36, in main
    GUI = gui.GUI(game_instance)
  File "D:\Python\optyka\gui\gui_main.py", line 29, in __init__
    self.buttons = [button.Button(self.game, x) for x in range(-2, 5)] #creates buttons
  File "D:\Python\optyka\gui\gui_main.py", line 29, in <listcomp>
    self.buttons = [button.Button(self.game, x) for x in range(-2, 5)] #creates buttons
TypeError: Button.__init__() missing 1 required positional argument: 'isDrawingModeOn'
2024-01-22 18:35:09,028 - ERROR - type object 'Button' has no attribute 'isDrawingModeOn'
Traceback (most recent call last):
  File "D:\Python\optyka\main.py", line 38, in main
    game_instance.loop()
  File "D:\Python\optyka\classes\game.py", line 159, in loop
    self.events()
  File "D:\Python\optyka\classes\game.py", line 56, in events
    if button.Button.isDrawingModeOn:
AttributeError: type object 'Button' has no attribute 'isDrawingModeOn'
2024-01-22 18:39:49,612 - ERROR - type object 'Button' has no attribute 'isDrawingModeOn'
Traceback (most recent call last):
  File "D:\Python\optyka\main.py", line 38, in main
    game_instance.loop()
  File "D:\Python\optyka\classes\game.py", line 159, in loop
    self.events()
  File "D:\Python\optyka\classes\game.py", line 56, in events
    if button.Button.isDrawingModeOn:
AttributeError: type object 'Button' has no attribute 'isDrawingModeOn'
2024-01-22 18:45:02,021 - ERROR - type object 'Button' has no attribute 'isDrawingModeOn'
Traceback (most recent call last):
  File "D:\Python\optyka\main.py", line 38, in main
    game_instance.loop()
  File "D:\Python\optyka\classes\game.py", line 159, in loop
    self.events()
  File "D:\Python\optyka\classes\game.py", line 56, in events
    if button.Button.isDrawingModeOn:
AttributeError: type object 'Button' has no attribute 'isDrawingModeOn'
2024-01-22 19:43:38,656 - ERROR - local variable 'isDrawingModeOn' referenced before assignment
Traceback (most recent call last):
  File "D:\Python\optyka\main.py", line 38, in main
    game_instance.loop()
  File "D:\Python\optyka\classes\game.py", line 159, in loop
    self.render()
  File "D:\Python\optyka\classes\game.py", line 91, in render
    object.checkifclicked(self.mousepos)
  File "D:\Python\optyka\gui\gui_main.py", line 40, in checkifclicked
    button.checkifclicked(mousepos)
  File "D:\Python\optyka\gui\button.py", line 214, in checkifclicked
    print(isDrawingModeOn, 1)
UnboundLocalError: local variable 'isDrawingModeOn' referenced before assignment
2024-01-22 20:18:27,013 - ERROR - reload() argument must be a module
Traceback (most recent call last):
  File "D:\Python\lib\importlib\__init__.py", line 139, in reload
    name = module.__spec__.name
AttributeError: 'bool' object has no attribute '__spec__'

During handling of the above exception, another exception occurred:

Traceback (most recent call last):
  File "D:\Python\lib\importlib\__init__.py", line 142, in reload
    name = module.__name__
AttributeError: 'bool' object has no attribute '__name__'

During handling of the above exception, another exception occurred:

Traceback (most recent call last):
  File "D:\Python\optyka\main.py", line 38, in main
    game_instance.loop()
  File "D:\Python\optyka\classes\game.py", line 167, in loop
    self.events()
  File "D:\Python\optyka\classes\game.py", line 60, in events
    importlib.reload(button.isDrawingModeOn)
  File "D:\Python\lib\importlib\__init__.py", line 144, in reload
    raise TypeError("reload() argument must be a module")
TypeError: reload() argument must be a module
2024-01-22 20:27:37,432 - ERROR - name 'addPoint' is not defined
Traceback (most recent call last):
  File "D:\Python\optyka\main.py", line 38, in main
    game_instance.loop()
  File "D:\Python\optyka\classes\game.py", line 168, in loop
    self.events()
  File "D:\Python\optyka\classes\game.py", line 65, in events
    addPoint(self.mousepos)
NameError: name 'addPoint' is not defined
2024-01-22 20:27:48,403 - ERROR - name 'addPoint' is not defined
Traceback (most recent call last):
  File "D:\Python\optyka\main.py", line 38, in main
    game_instance.loop()
  File "D:\Python\optyka\classes\game.py", line 168, in loop
    self.events()
  File "D:\Python\optyka\classes\game.py", line 65, in events
    addPoint(self.mousepos)
NameError: name 'addPoint' is not defined
2024-01-22 20:28:21,174 - ERROR - module 'gui' has no attribute 'GUI'
Traceback (most recent call last):
  File "D:\Python\optyka\main.py", line 38, in main
    game_instance.loop()
  File "D:\Python\optyka\classes\game.py", line 165, in loop
    self.render()
  File "D:\Python\optyka\classes\game.py", line 96, in render
    if type(object) is gui.GUI:
AttributeError: module 'gui' has no attribute 'GUI'
2024-01-22 20:31:49,050 - ERROR - module 'gui' has no attribute 'GUI'
Traceback (most recent call last):
  File "D:\Python\optyka\main.py", line 38, in main
    game_instance.loop()
  File "D:\Python\optyka\classes\game.py", line 165, in loop
    self.render()
  File "D:\Python\optyka\classes\game.py", line 96, in render
    if type(object) is gui.GUI:
AttributeError: module 'gui' has no attribute 'GUI'
2024-01-22 20:36:01,066 - ERROR - module 'gui' has no attribute 'GUI'
Traceback (most recent call last):
  File "D:\Python\optyka\main.py", line 38, in main
    game_instance.loop()
  File "D:\Python\optyka\classes\game.py", line 165, in loop
    self.render()
  File "D:\Python\optyka\classes\game.py", line 96, in render
    if type(object) is gui.GUI:
AttributeError: module 'gui' has no attribute 'GUI'
2024-01-22 20:36:24,355 - ERROR - module 'gui' has no attribute 'GUI'
Traceback (most recent call last):
  File "D:\Python\optyka\main.py", line 38, in main
    game_instance.loop()
  File "D:\Python\optyka\classes\game.py", line 165, in loop
    self.render()
  File "D:\Python\optyka\classes\game.py", line 96, in render
    if type(object) is gui.GUI:
AttributeError: module 'gui' has no attribute 'GUI'
2024-01-22 20:39:33,070 - ERROR - module 'gui' has no attribute 'GUI'
Traceback (most recent call last):
  File "D:\Python\optyka\main.py", line 38, in main
    game_instance.loop()
  File "D:\Python\optyka\classes\game.py", line 165, in loop
    self.render()
  File "D:\Python\optyka\classes\game.py", line 96, in render
    if type(object) is gui.GUI:
AttributeError: module 'gui' has no attribute 'GUI'
2024-01-22 20:44:27,353 - ERROR - name 'GUI' is not defined
Traceback (most recent call last):
  File "D:\Python\optyka\main.py", line 38, in main
    game_instance.loop()
  File "D:\Python\optyka\classes\game.py", line 165, in loop
    self.render()
  File "D:\Python\optyka\classes\game.py", line 96, in render
    if type(object) is GUI:
NameError: name 'GUI' is not defined
2024-01-22 20:44:43,805 - ERROR - name 'GUI' is not defined
Traceback (most recent call last):
  File "D:\Python\optyka\main.py", line 38, in main
    game_instance.loop()
  File "D:\Python\optyka\classes\game.py", line 165, in loop
    self.render()
  File "D:\Python\optyka\classes\game.py", line 96, in render
    if type(object) in GUI:
NameError: name 'GUI' is not defined
2024-01-22 20:47:24,607 - ERROR - module 'gui' has no attribute 'GUI'
Traceback (most recent call last):
  File "D:\Python\optyka\main.py", line 38, in main
    game_instance.loop()
  File "D:\Python\optyka\classes\game.py", line 165, in loop
    self.render()
  File "D:\Python\optyka\classes\game.py", line 96, in render
    if isinstance(type(object), gui.GUI):
AttributeError: module 'gui' has no attribute 'GUI'
